# JRE version: OpenJDK Runtime Environment (8.0_242-b01) (build 1.8.0_242-release-1644-b01)
# Java VM: OpenJDK 64-Bit Server VM (25.242-b01 mixed mode windows-amd64 compressed oops)
Heap:
 PSYoungGen      total 215552K, used 29173K [0x00000000d5580000, 0x00000000e4a80000, 0x0000000100000000)
  eden space 203776K, 8% used [0x00000000d5580000,0x00000000d6684258,0x00000000e1c80000)
  from space 11776K, 99% used [0x00000000e1c80000,0x00000000e27f9310,0x00000000e2800000)
  to   space 18944K, 0% used [0x00000000e3800000,0x00000000e3800000,0x00000000e4a80000)
 ParOldGen       total 135680K, used 30040K [0x0000000080000000, 0x0000000088480000, 0x00000000d5580000)
  object space 135680K, 22% used [0x0000000080000000,0x0000000081d56378,0x0000000088480000)
 Metaspace       used 55542K, capacity 57936K, committed 58024K, reserved 1099776K
  class space    used 7568K, capacity 8095K, committed 8112K, reserved 1048576K
GC Heap History (10 events):
Event: 7.029 GC heap before
{Heap before GC invocations=7 (full 1):
 PSYoungGen      total 76288K, used 73789K [0x00000000d5580000, 0x00000000ddc00000, 0x0000000100000000)
  eden space 65536K, 100% used [0x00000000d5580000,0x00000000d9580000,0x00000000d9580000)
  from space 10752K, 76% used [0x00000000d9580000,0x00000000d9d8f458,0x00000000da000000)
  to   space 11776K, 0% used [0x00000000dd080000,0x00000000dd080000,0x00000000ddc00000)
 ParOldGen       total 89088K, used 7215K [0x0000000080000000, 0x0000000085700000, 0x00000000d5580000)
  object space 89088K, 8% used [0x0000000080000000,0x000000008070bcb0,0x0000000085700000)
 Metaspace       used 32790K, capacity 33866K, committed 33968K, reserved 1079296K
  class space    used 4480K, capacity 4751K, committed 4784K, reserved 1048576K
Event: 7.038 GC heap after
Heap after GC invocations=7 (full 1):
 PSYoungGen      total 125952K, used 9239K [0x00000000d5580000, 0x00000000ddc00000, 0x0000000100000000)
  eden space 114176K, 0% used [0x00000000d5580000,0x00000000d5580000,0x00000000dc500000)
  from space 11776K, 78% used [0x00000000dd080000,0x00000000dd985c80,0x00000000ddc00000)
  to   space 11776K, 0% used [0x00000000dc500000,0x00000000dc500000,0x00000000dd080000)
 ParOldGen       total 89088K, used 7223K [0x0000000080000000, 0x0000000085700000, 0x00000000d5580000)
  object space 89088K, 8% used [0x0000000080000000,0x000000008070dcb0,0x0000000085700000)
 Metaspace       used 32790K, capacity 33866K, committed 33968K, reserved 1079296K
  class space    used 4480K, capacity 4751K, committed 4784K, reserved 1048576K
}
Event: 7.248 GC heap before
{Heap before GC invocations=8 (full 1):
 PSYoungGen      total 125952K, used 39649K [0x00000000d5580000, 0x00000000ddc00000, 0x0000000100000000)
  eden space 114176K, 26% used [0x00000000d5580000,0x00000000d73329f8,0x00000000dc500000)
  from space 11776K, 78% used [0x00000000dd080000,0x00000000dd985c80,0x00000000ddc00000)
  to   space 11776K, 0% used [0x00000000dc500000,0x00000000dc500000,0x00000000dd080000)
 ParOldGen       total 89088K, used 7223K [0x0000000080000000, 0x0000000085700000, 0x00000000d5580000)
  object space 89088K, 8% used [0x0000000080000000,0x000000008070dcb0,0x0000000085700000)
 Metaspace       used 34240K, capacity 35412K, committed 35496K, reserved 1079296K
  class space    used 4713K, capacity 5001K, committed 5040K, reserved 1048576K
Event: 7.256 GC heap after
Heap after GC invocations=8 (full 1):
 PSYoungGen      total 125952K, used 8046K [0x00000000d5580000, 0x00000000e3580000, 0x0000000100000000)
  eden space 114176K, 0% used [0x00000000d5580000,0x00000000d5580000,0x00000000dc500000)
  from space 11776K, 68% used [0x00000000dc500000,0x00000000dccdba28,0x00000000dd080000)
  to   space 11776K, 0% used [0x00000000e2a00000,0x00000000e2a00000,0x00000000e3580000)
 ParOldGen       total 89088K, used 7231K [0x0000000080000000, 0x0000000085700000, 0x00000000d5580000)
  object space 89088K, 8% used [0x0000000080000000,0x000000008070fcb0,0x0000000085700000)
 Metaspace       used 34240K, capacity 35412K, committed 35496K, reserved 1079296K
  class space    used 4713K, capacity 5001K, committed 5040K, reserved 1048576K
}
Event: 7.256 GC heap before
{Heap before GC invocations=9 (full 2):
 PSYoungGen      total 125952K, used 8046K [0x00000000d5580000, 0x00000000e3580000, 0x0000000100000000)
  eden space 114176K, 0% used [0x00000000d5580000,0x00000000d5580000,0x00000000dc500000)
  from space 11776K, 68% used [0x00000000dc500000,0x00000000dccdba28,0x00000000dd080000)
  to   space 11776K, 0% used [0x00000000e2a00000,0x00000000e2a00000,0x00000000e3580000)
 ParOldGen       total 89088K, used 7231K [0x0000000080000000, 0x0000000085700000, 0x00000000d5580000)
  object space 89088K, 8% used [0x0000000080000000,0x000000008070fcb0,0x0000000085700000)
 Metaspace       used 34240K, capacity 35412K, committed 35496K, reserved 1079296K
  class space    used 4713K, capacity 5001K, committed 5040K, reserved 1048576K
Event: 7.317 GC heap after
Heap after GC invocations=9 (full 2):
 PSYoungGen      total 125952K, used 0K [0x00000000d5580000, 0x00000000e3580000, 0x0000000100000000)
  eden space 114176K, 0% used [0x00000000d5580000,0x00000000d5580000,0x00000000dc500000)
  from space 11776K, 0% used [0x00000000dc500000,0x00000000dc500000,0x00000000dd080000)
  to   space 11776K, 0% used [0x00000000e2a00000,0x00000000e2a00000,0x00000000e3580000)
 ParOldGen       total 135680K, used 14407K [0x0000000080000000, 0x0000000088480000, 0x00000000d5580000)
  object space 135680K, 10% used [0x0000000080000000,0x0000000080e11da8,0x0000000088480000)
 Metaspace       used 34240K, capacity 35412K, committed 35496K, reserved 1079296K
  class space    used 4713K, capacity 5001K, committed 5040K, reserved 1048576K
}
Event: 8.687 GC heap before
{Heap before GC invocations=10 (full 2):
 PSYoungGen      total 125952K, used 114176K [0x00000000d5580000, 0x00000000e3580000, 0x0000000100000000)
  eden space 114176K, 100% used [0x00000000d5580000,0x00000000dc500000,0x00000000dc500000)
  from space 11776K, 0% used [0x00000000dc500000,0x00000000dc500000,0x00000000dd080000)
  to   space 11776K, 0% used [0x00000000e2a00000,0x00000000e2a00000,0x00000000e3580000)
 ParOldGen       total 135680K, used 14407K [0x0000000080000000, 0x0000000088480000, 0x00000000d5580000)
  object space 135680K, 10% used [0x0000000080000000,0x0000000080e11da8,0x0000000088480000)
 Metaspace       used 38275K, capacity 39988K, committed 40232K, reserved 1083392K
  class space    used 5280K, capacity 5622K, committed 5680K, reserved 1048576K
Event: 8.696 GC heap after
Heap after GC invocations=10 (full 2):
 PSYoungGen      total 178176K, used 9622K [0x00000000d5580000, 0x00000000e3380000, 0x0000000100000000)
  eden space 168448K, 0% used [0x00000000d5580000,0x00000000d5580000,0x00000000dfa00000)
  from space 9728K, 98% used [0x00000000e2a00000,0x00000000e3365a68,0x00000000e3380000)
  to   space 11776K, 0% used [0x00000000e1c80000,0x00000000e1c80000,0x00000000e2800000)
 ParOldGen       total 135680K, used 14415K [0x0000000080000000, 0x0000000088480000, 0x00000000d5580000)
  object space 135680K, 10% used [0x0000000080000000,0x0000000080e13da8,0x0000000088480000)
 Metaspace       used 38275K, capacity 39988K, committed 40232K, reserved 1083392K
  class space    used 5280K, capacity 5622K, committed 5680K, reserved 1048576K
}
Event: 10.990 GC heap before
{Heap before GC invocations=11 (full 2):
 PSYoungGen      total 178176K, used 178070K [0x00000000d5580000, 0x00000000e3380000, 0x0000000100000000)
  eden space 168448K, 100% used [0x00000000d5580000,0x00000000dfa00000,0x00000000dfa00000)
  from space 9728K, 98% used [0x00000000e2a00000,0x00000000e3365a68,0x00000000e3380000)
  to   space 11776K, 0% used [0x00000000e1c80000,0x00000000e1c80000,0x00000000e2800000)
 ParOldGen       total 135680K, used 14415K [0x0000000080000000, 0x0000000088480000, 0x00000000d5580000)
  object space 135680K, 10% used [0x0000000080000000,0x0000000080e13da8,0x0000000088480000)
 Metaspace       used 54569K, capacity 56854K, committed 57128K, reserved 1097728K
  class space    used 7432K, capacity 7918K, committed 7984K, reserved 1048576K
Event: 11.009 GC heap after
Heap after GC invocations=11 (full 2):
 PSYoungGen      total 215552K, used 11748K [0x00000000d5580000, 0x00000000e4a80000, 0x0000000100000000)
  eden space 203776K, 0% used [0x00000000d5580000,0x00000000d5580000,0x00000000e1c80000)
  from space 11776K, 99% used [0x00000000e1c80000,0x00000000e27f9310,0x00000000e2800000)
  to   space 18944K, 0% used [0x00000000e3800000,0x00000000e3800000,0x00000000e4a80000)
 ParOldGen       total 135680K, used 30040K [0x0000000080000000, 0x0000000088480000, 0x00000000d5580000)
  object space 135680K, 22% used [0x0000000080000000,0x0000000081d56378,0x0000000088480000)
 Metaspace       used 54569K, capacity 56854K, committed 57128K, reserved 1097728K
  class space    used 7432K, capacity 7918K, committed 7984K, reserved 1048576K
}

